<?xml version="1.0" encoding="UTF-8"?>
<!-- Generated by org.testng.reporters.JUnitXMLReporter -->
<testsuite ignored="0" hostname="DESKTOP-8PL2JVR" failures="0" tests="4" name="Default test" time="2.434" errors="0" timestamp="2022-05-28T13:44:37 IST">
  <testcase classname="com.jbk.testcase.LoginTestCases" name="BlankMailPassword" time="0.325"/>
  <testcase classname="com.jbk.testcase.LoginTestCases" name="checkContains" time="0.037"/>
  <testcase classname="com.jbk.testcase.LoginTestCases" name="loginCheck" time="0.399"/>
  <testcase classname="com.jbk.testcase.LoginTestCases" name="testEelements" time="0.068"/>
</testsuite> <!-- Default test -->
