<?xml version="1.0" encoding="UTF-8"?>
<testng-results ignored="0" total="4" passed="4" failed="0" skipped="0">
  <reporter-output>
  </reporter-output>
  <suite started-at="2022-05-28T13:44:35 IST" name="Default suite" finished-at="2022-05-28T13:44:37 IST" duration-ms="2434">
    <groups>
    </groups>
    <test started-at="2022-05-28T13:44:35 IST" name="Default test" finished-at="2022-05-28T13:44:37 IST" duration-ms="2434">
      <class name="com.jbk.testcase.LoginTestCases">
        <test-method is-config="true" signature="BeforeTest()[pri:0, instance:com.jbk.testcase.LoginTestCases@747edf66]" started-at="2022-05-28T13:44:35 IST" name="BeforeTest" finished-at="2022-05-28T13:44:36 IST" duration-ms="1559" status="PASS">
          <reporter-output>
          </reporter-output>
        </test-method> <!-- BeforeTest -->
        <test-method signature="BlankMailPassword()[pri:0, instance:com.jbk.testcase.LoginTestCases@747edf66]" started-at="2022-05-28T13:44:36 IST" name="BlankMailPassword" finished-at="2022-05-28T13:44:37 IST" duration-ms="325" status="PASS">
          <reporter-output>
          </reporter-output>
        </test-method> <!-- BlankMailPassword -->
        <test-method signature="checkContains()[pri:0, instance:com.jbk.testcase.LoginTestCases@747edf66]" started-at="2022-05-28T13:44:37 IST" name="checkContains" finished-at="2022-05-28T13:44:37 IST" duration-ms="37" status="PASS">
          <reporter-output>
          </reporter-output>
        </test-method> <!-- checkContains -->
        <test-method signature="loginCheck()[pri:0, instance:com.jbk.testcase.LoginTestCases@747edf66]" started-at="2022-05-28T13:44:37 IST" name="loginCheck" finished-at="2022-05-28T13:44:37 IST" duration-ms="399" status="PASS">
          <reporter-output>
          </reporter-output>
        </test-method> <!-- loginCheck -->
        <test-method signature="testEelements()[pri:0, instance:com.jbk.testcase.LoginTestCases@747edf66]" started-at="2022-05-28T13:44:37 IST" name="testEelements" finished-at="2022-05-28T13:44:37 IST" duration-ms="68" status="PASS">
          <reporter-output>
          </reporter-output>
        </test-method> <!-- testEelements -->
      </class> <!-- com.jbk.testcase.LoginTestCases -->
    </test> <!-- Default test -->
  </suite> <!-- Default suite -->
</testng-results>
